<?xml version="1.0" encoding="UTF-8"?>
<testng-results ignored="0" total="1" passed="1" failed="0" skipped="0">
  <reporter-output>
  </reporter-output>
  <suite started-at="2022-11-14T09:54:11 GST" name="Suite" finished-at="2022-11-14T09:54:14 GST" duration-ms="3362">
    <groups>
    </groups>
    <test started-at="2022-11-14T09:54:11 GST" name="Test" finished-at="2022-11-14T09:54:14 GST" duration-ms="3362">
      <class name="com.selenium.assigment.Assignment">
        <test-method signature="loginFunction(java.lang.String,java.lang.String)[pri:0, instance:com.selenium.assigment.Assignment@158d2680]" started-at="2022-11-14T09:54:11 GST" name="loginFunction" finished-at="2022-11-14T09:54:14 GST" duration-ms="3332" status="PASS">
          <params>
            <param index="0">
              <value>
                <![CDATA[standard_user]]>
              </value>
            </param>
            <param index="1">
              <value>
                <![CDATA[secret_sauce]]>
              </value>
            </param>
          </params>
          <reporter-output>
          </reporter-output>
        </test-method> <!-- loginFunction -->
        <test-method is-config="true" signature="quitBrowser()[pri:0, instance:com.selenium.assigment.Assignment@158d2680]" started-at="2022-11-14T09:54:14 GST" name="quitBrowser" finished-at="2022-11-14T09:54:14 GST" duration-ms="187" status="PASS">
          <reporter-output>
          </reporter-output>
        </test-method> <!-- quitBrowser -->
      </class> <!-- com.selenium.assigment.Assignment -->
    </test> <!-- Test -->
  </suite> <!-- Suite -->
</testng-results>
